2024-05-21 10:53:34,969 django.utils.autoreload INFO     Watching for file changes with StatReloader
2024-05-21 10:54:37,546 django.utils.autoreload INFO     Watching for file changes with StatReloader
2024-05-21 10:55:17,695 django.utils.autoreload INFO     Watching for file changes with StatReloader
2024-05-21 10:59:40,420 django.utils.autoreload INFO     Watching for file changes with StatReloader
2024-05-21 10:59:57,916 django.utils.autoreload INFO     D:\Phitron_Batch_3\Django\TeamCodemen\click_cart\apps\product\urls.py changed, reloading.
2024-05-21 10:59:59,506 django.utils.autoreload INFO     Watching for file changes with StatReloader
2024-05-21 11:00:01,860 django.utils.autoreload INFO     D:\Phitron_Batch_3\Django\TeamCodemen\click_cart\apps\product\urls.py changed, reloading.
2024-05-21 11:00:02,935 django.utils.autoreload INFO     Watching for file changes with StatReloader
2024-05-21 11:00:07,770 django.utils.autoreload INFO     D:\Phitron_Batch_3\Django\TeamCodemen\click_cart\apps\product\urls.py changed, reloading.
2024-05-21 11:00:08,668 django.utils.autoreload INFO     Watching for file changes with StatReloader
2024-05-21 11:00:16,984 django.utils.autoreload INFO     D:\Phitron_Batch_3\Django\TeamCodemen\click_cart\apps\product\urls.py changed, reloading.
2024-05-21 11:00:17,844 django.utils.autoreload INFO     Watching for file changes with StatReloader
2024-05-21 11:00:19,627 django.utils.autoreload INFO     D:\Phitron_Batch_3\Django\TeamCodemen\click_cart\apps\product\urls.py changed, reloading.
2024-05-21 11:00:20,532 django.utils.autoreload INFO     Watching for file changes with StatReloader
2024-05-21 11:00:23,307 django.utils.autoreload INFO     D:\Phitron_Batch_3\Django\TeamCodemen\click_cart\apps\product\urls.py changed, reloading.
2024-05-21 11:00:24,132 django.utils.autoreload INFO     Watching for file changes with StatReloader
2024-05-21 11:00:28,017 django.utils.autoreload INFO     D:\Phitron_Batch_3\Django\TeamCodemen\click_cart\apps\product\urls.py changed, reloading.
2024-05-21 11:00:28,830 django.utils.autoreload INFO     Watching for file changes with StatReloader
2024-05-21 11:00:32,872 django.utils.autoreload INFO     D:\Phitron_Batch_3\Django\TeamCodemen\click_cart\apps\product\urls.py changed, reloading.
2024-05-21 11:00:33,700 django.utils.autoreload INFO     Watching for file changes with StatReloader
2024-05-21 11:00:39,751 django.utils.autoreload INFO     D:\Phitron_Batch_3\Django\TeamCodemen\click_cart\apps\product\urls.py changed, reloading.
2024-05-21 11:00:40,613 django.utils.autoreload INFO     Watching for file changes with StatReloader
2024-05-21 11:00:47,902 django.utils.autoreload INFO     D:\Phitron_Batch_3\Django\TeamCodemen\click_cart\apps\product\urls.py changed, reloading.
2024-05-21 11:00:48,863 django.utils.autoreload INFO     Watching for file changes with StatReloader
2024-05-21 11:00:52,709 django.utils.autoreload INFO     D:\Phitron_Batch_3\Django\TeamCodemen\click_cart\apps\product\urls.py changed, reloading.
2024-05-21 11:00:53,632 django.utils.autoreload INFO     Watching for file changes with StatReloader
2024-05-21 11:01:11,873 django.utils.autoreload INFO     D:\Phitron_Batch_3\Django\TeamCodemen\click_cart\apps\product\urls.py changed, reloading.
2024-05-21 11:01:12,699 django.utils.autoreload INFO     Watching for file changes with StatReloader
2024-05-21 11:01:15,545 django.utils.autoreload INFO     D:\Phitron_Batch_3\Django\TeamCodemen\click_cart\apps\product\urls.py changed, reloading.
2024-05-21 11:01:16,358 django.utils.autoreload INFO     Watching for file changes with StatReloader
2024-05-21 11:01:25,735 django.utils.autoreload INFO     D:\Phitron_Batch_3\Django\TeamCodemen\click_cart\apps\product\urls.py changed, reloading.
2024-05-21 11:01:26,535 django.utils.autoreload INFO     Watching for file changes with StatReloader
2024-05-21 11:01:31,497 django.utils.autoreload INFO     D:\Phitron_Batch_3\Django\TeamCodemen\click_cart\apps\product\urls.py changed, reloading.
2024-05-21 11:01:32,423 django.utils.autoreload INFO     Watching for file changes with StatReloader
2024-05-21 11:01:41,824 django.utils.autoreload INFO     D:\Phitron_Batch_3\Django\TeamCodemen\click_cart\apps\product\urls.py changed, reloading.
2024-05-21 11:01:42,648 django.utils.autoreload INFO     Watching for file changes with StatReloader
2024-05-21 11:01:48,699 django.utils.autoreload INFO     D:\Phitron_Batch_3\Django\TeamCodemen\click_cart\apps\product\urls.py changed, reloading.
2024-05-21 11:01:49,525 django.utils.autoreload INFO     Watching for file changes with StatReloader
2024-05-21 11:02:02,273 django.utils.autoreload INFO     D:\Phitron_Batch_3\Django\TeamCodemen\click_cart\apps\product\urls.py changed, reloading.
2024-05-21 11:02:03,184 django.utils.autoreload INFO     Watching for file changes with StatReloader
2024-05-21 11:02:07,075 django.utils.autoreload INFO     D:\Phitron_Batch_3\Django\TeamCodemen\click_cart\apps\product\urls.py changed, reloading.
2024-05-21 11:02:07,892 django.utils.autoreload INFO     Watching for file changes with StatReloader
2024-05-21 11:02:20,470 django.utils.autoreload INFO     D:\Phitron_Batch_3\Django\TeamCodemen\click_cart\apps\product\urls.py changed, reloading.
2024-05-21 11:02:21,405 django.utils.autoreload INFO     Watching for file changes with StatReloader
2024-05-21 11:02:26,557 django.utils.autoreload INFO     D:\Phitron_Batch_3\Django\TeamCodemen\click_cart\apps\product\urls.py changed, reloading.
2024-05-21 11:02:27,388 django.utils.autoreload INFO     Watching for file changes with StatReloader
2024-05-21 11:02:30,567 django.utils.autoreload INFO     D:\Phitron_Batch_3\Django\TeamCodemen\click_cart\apps\product\urls.py changed, reloading.
2024-05-21 11:02:31,372 django.utils.autoreload INFO     Watching for file changes with StatReloader
2024-05-21 11:02:37,700 django.utils.autoreload INFO     D:\Phitron_Batch_3\Django\TeamCodemen\click_cart\apps\product\urls.py changed, reloading.
2024-05-21 11:02:38,579 django.utils.autoreload INFO     Watching for file changes with StatReloader
2024-05-21 11:02:48,373 django.utils.autoreload INFO     D:\Phitron_Batch_3\Django\TeamCodemen\click_cart\apps\product\urls.py changed, reloading.
2024-05-21 11:02:49,235 django.utils.autoreload INFO     Watching for file changes with StatReloader
2024-05-21 11:02:51,430 django.utils.autoreload INFO     D:\Phitron_Batch_3\Django\TeamCodemen\click_cart\apps\product\urls.py changed, reloading.
2024-05-21 11:02:52,262 django.utils.autoreload INFO     Watching for file changes with StatReloader
2024-05-21 11:03:00,930 django.utils.autoreload INFO     D:\Phitron_Batch_3\Django\TeamCodemen\click_cart\apps\product\urls.py changed, reloading.
2024-05-21 11:03:01,730 django.utils.autoreload INFO     Watching for file changes with StatReloader
2024-05-21 11:03:17,678 django.utils.autoreload INFO     D:\Phitron_Batch_3\Django\TeamCodemen\click_cart\apps\product\urls.py changed, reloading.
2024-05-21 11:03:18,590 django.utils.autoreload INFO     Watching for file changes with StatReloader
2024-05-21 11:03:36,770 django.utils.autoreload INFO     D:\Phitron_Batch_3\Django\TeamCodemen\click_cart\apps\product\urls.py changed, reloading.
2024-05-21 11:03:37,687 django.utils.autoreload INFO     Watching for file changes with StatReloader
2024-05-21 11:03:40,750 django.utils.autoreload INFO     D:\Phitron_Batch_3\Django\TeamCodemen\click_cart\apps\product\urls.py changed, reloading.
2024-05-21 11:03:41,600 django.utils.autoreload INFO     Watching for file changes with StatReloader
2024-05-21 11:03:44,343 django.utils.autoreload INFO     D:\Phitron_Batch_3\Django\TeamCodemen\click_cart\apps\product\urls.py changed, reloading.
2024-05-21 11:03:45,253 django.utils.autoreload INFO     Watching for file changes with StatReloader
2024-05-21 11:03:51,334 django.utils.autoreload INFO     D:\Phitron_Batch_3\Django\TeamCodemen\click_cart\apps\product\urls.py changed, reloading.
2024-05-21 11:03:52,257 django.utils.autoreload INFO     Watching for file changes with StatReloader
2024-05-21 11:03:54,232 django.utils.autoreload INFO     D:\Phitron_Batch_3\Django\TeamCodemen\click_cart\apps\product\urls.py changed, reloading.
2024-05-21 11:03:55,061 django.utils.autoreload INFO     Watching for file changes with StatReloader
2024-05-21 11:03:58,123 django.utils.autoreload INFO     D:\Phitron_Batch_3\Django\TeamCodemen\click_cart\apps\product\urls.py changed, reloading.
2024-05-21 11:03:59,017 django.utils.autoreload INFO     Watching for file changes with StatReloader
2024-05-21 11:04:00,973 django.utils.autoreload INFO     D:\Phitron_Batch_3\Django\TeamCodemen\click_cart\apps\product\urls.py changed, reloading.
2024-05-21 11:04:01,845 django.utils.autoreload INFO     Watching for file changes with StatReloader
2024-05-21 11:04:03,866 django.utils.autoreload INFO     D:\Phitron_Batch_3\Django\TeamCodemen\click_cart\apps\product\urls.py changed, reloading.
2024-05-21 11:04:04,788 django.utils.autoreload INFO     Watching for file changes with StatReloader
2024-05-21 11:04:07,761 django.utils.autoreload INFO     D:\Phitron_Batch_3\Django\TeamCodemen\click_cart\apps\product\urls.py changed, reloading.
2024-05-21 11:04:08,666 django.utils.autoreload INFO     Watching for file changes with StatReloader
2024-05-21 11:04:10,748 django.utils.autoreload INFO     D:\Phitron_Batch_3\Django\TeamCodemen\click_cart\apps\product\urls.py changed, reloading.
2024-05-21 11:04:11,590 django.utils.autoreload INFO     Watching for file changes with StatReloader
2024-05-21 11:04:13,238 django.utils.autoreload INFO     D:\Phitron_Batch_3\Django\TeamCodemen\click_cart\apps\product\urls.py changed, reloading.
2024-05-21 11:04:14,055 django.utils.autoreload INFO     Watching for file changes with StatReloader
2024-05-21 11:04:16,807 django.utils.autoreload INFO     D:\Phitron_Batch_3\Django\TeamCodemen\click_cart\apps\product\urls.py changed, reloading.
2024-05-21 11:04:17,626 django.utils.autoreload INFO     Watching for file changes with StatReloader
2024-05-21 11:04:24,798 django.utils.autoreload INFO     D:\Phitron_Batch_3\Django\TeamCodemen\click_cart\apps\product\urls.py changed, reloading.
2024-05-21 11:04:25,620 django.utils.autoreload INFO     Watching for file changes with StatReloader
2024-05-21 11:04:30,594 django.utils.autoreload INFO     D:\Phitron_Batch_3\Django\TeamCodemen\click_cart\apps\product\urls.py changed, reloading.
2024-05-21 11:04:31,400 django.utils.autoreload INFO     Watching for file changes with StatReloader
2024-05-21 11:05:20,104 django.utils.autoreload INFO     D:\Phitron_Batch_3\Django\TeamCodemen\click_cart\apps\product\urls.py changed, reloading.
2024-05-21 11:05:21,084 django.utils.autoreload INFO     Watching for file changes with StatReloader
2024-05-21 11:05:45,894 django.utils.autoreload INFO     D:\Phitron_Batch_3\Django\TeamCodemen\click_cart\apps\product\urls.py changed, reloading.
2024-05-21 11:05:46,845 django.utils.autoreload INFO     Watching for file changes with StatReloader
2024-05-21 11:05:49,573 django.utils.autoreload INFO     D:\Phitron_Batch_3\Django\TeamCodemen\click_cart\apps\product\urls.py changed, reloading.
2024-05-21 11:05:50,486 django.utils.autoreload INFO     Watching for file changes with StatReloader
2024-05-21 11:07:55,846 django.utils.autoreload INFO     D:\Phitron_Batch_3\Django\TeamCodemen\click_cart\apps\product\urls.py changed, reloading.
2024-05-21 11:07:56,943 django.utils.autoreload INFO     Watching for file changes with StatReloader
2024-05-21 11:08:02,050 django.utils.autoreload INFO     D:\Phitron_Batch_3\Django\TeamCodemen\click_cart\apps\product\urls.py changed, reloading.
2024-05-21 11:08:02,922 django.utils.autoreload INFO     Watching for file changes with StatReloader
2024-05-21 11:15:29,843 django.utils.autoreload INFO     Watching for file changes with StatReloader
2024-05-21 11:19:28,366 django.utils.autoreload INFO     Watching for file changes with StatReloader
2024-05-21 11:22:10,248 django.utils.autoreload INFO     Watching for file changes with StatReloader
2024-05-21 11:22:16,519 django.utils.autoreload INFO     D:\Phitron_Batch_3\Django\TeamCodemen\click_cart\apps\product\urls.py changed, reloading.
2024-05-21 11:22:17,988 django.utils.autoreload INFO     Watching for file changes with StatReloader
2024-05-21 11:25:05,645 django.utils.autoreload INFO     Watching for file changes with StatReloader
2024-05-21 11:25:19,115 django.utils.autoreload INFO     Watching for file changes with StatReloader
2024-05-21 11:25:52,354 django.utils.autoreload INFO     Watching for file changes with StatReloader
2024-05-21 11:26:17,733 django.utils.autoreload INFO     Watching for file changes with StatReloader
2024-05-21 11:26:58,548 django.utils.autoreload INFO     Watching for file changes with StatReloader
2024-05-21 11:30:46,694 django.utils.autoreload INFO     Watching for file changes with StatReloader
2024-05-21 11:30:56,885 django.request WARNING  Not Found: /
2024-05-21 11:30:57,224 django.request WARNING  Not Found: /favicon.ico
2024-05-21 11:31:16,110 django.request WARNING  Not Found: /products/color
2024-05-21 11:31:23,429 django.request WARNING  Not Found: /products/colors
2024-05-21 11:31:54,265 django.request WARNING  Not Found: /products/reviews
